<?xml version="1.0" encoding="UTF-8"?>
<testsuite time="5.642" failures="0" tests="1" name="tests" >
  <testcase time="5.64" classname="tests" name="first-test.ta" />
</testsuite>